Summary of SPARK analysis
=========================

--------------------------------------------------------------------------------------------------------
SPARK Analysis results        Total        Flow   Interval   CodePeer     Provers   Justified   Unproved
--------------------------------------------------------------------------------------------------------
Data Dependencies                 .           .          .          .           .           .          .
Flow Dependencies                 .           .          .          .           .           .          .
Initialization                   11          10          .          .           .           .          1
Non-Aliasing                      .           .          .          .           .           .          .
Run-time Checks                   2           .          .          .    2 (CVC4)           .          .
Assertions                        .           .          .          .           .           .          .
Functional Contracts              4           .          .          .    4 (CVC4)           .          .
LSP Verification                  .           .          .          .           .           .          .
--------------------------------------------------------------------------------------------------------
Total                            17    10 (59%)          .          .     6 (35%)           .     1 (6%)


Analyzed 4 units
in unit main, 0 subprograms and packages out of 1 analyzed
  Main at main.adb:3 skipped
in unit pump, 10 subprograms and packages out of 10 analyzed
  Pump at pump.ads:3 flow analyzed (0 errors and 0 warnings) and proved (0 checks)
  Pump.enterBaseState at pump.ads:41 flow analyzed (0 errors and 0 warnings) and proved (1 checks)
  Pump.enterReadyState at pump.ads:19 flow analyzed (0 errors and 0 warnings) and proved (1 checks)
  Pump.enterWaitingState at pump.ads:34 flow analyzed (0 errors and 0 warnings) and proved (1 checks)
  Pump.inBaseState at pump.ads:7 flow analyzed (0 errors and 0 warnings) and proved (0 checks)
  Pump.inPumpingState at pump.ads:13 flow analyzed (0 errors and 0 warnings) and proved (0 checks)
  Pump.inReadyState at pump.ads:10 flow analyzed (0 errors and 0 warnings) and proved (0 checks)
  Pump.inWaitingState at pump.ads:16 flow analyzed (0 errors and 0 warnings) and proved (0 checks)
  Pump.registerTankSensor at pump.ads:48 flow analyzed (0 errors and 0 warnings) and proved (0 checks)
  Pump.startPumping at pump.ads:26 flow analyzed (0 errors and 0 warnings) and proved (3 checks)
in unit pump_type, 1 subprograms and packages out of 1 analyzed
  Pump_type at pump_type.ads:2 flow analyzed (0 errors and 0 warnings)
in unit pump_unit, 9 subprograms and packages out of 9 analyzed
  Pump_Unit at pump_unit.ads:5 flow analyzed (0 errors and 0 warnings)
  Pump_Unit.TankSensorInput at pump_unit.ads:65 flow analyzed (0 errors and 0 warnings)
  Pump_Unit.liftNozzle at pump_unit.ads:31 flow analyzed (0 errors and 0 warnings)
  Pump_Unit.replaceNozzle at pump_unit.ads:39 flow analyzed (0 errors and 0 warnings)
  Pump_Unit.requestPumping at pump_unit.ads:47 flow analyzed (0 errors and 0 warnings)
  Pump_Unit.requestStopPumping at pump_unit.ads:56 flow analyzed (0 errors and 0 warnings)
  Pump_Unit.setFuelPrice at pump_unit.ads:24 flow analyzed (0 errors and 1 warnings)
  Pump_Unit.setFuelVolume at pump_unit.ads:19 flow analyzed (0 errors and 0 warnings)
  Pump_Unit.setPayment at pump_unit.ads:72 flow analyzed (0 errors and 0 warnings)
